#! /home1/c/cis571/tools/bin/vvp
:ivl_version "11.0 (stable)" "(v11_0)";
:ivl_delay_selection "TYPICAL";
:vpi_time_precision - 12;
:vpi_module "/home1/c/cis571/tools/lib64/ivl/system.vpi";
:vpi_module "/home1/c/cis571/tools/lib64/ivl/vhdl_sys.vpi";
:vpi_module "/home1/c/cis571/tools/lib64/ivl/vhdl_textio.vpi";
:vpi_module "/home1/c/cis571/tools/lib64/ivl/v2005_math.vpi";
:vpi_module "/home1/c/cis571/tools/lib64/ivl/va_math.vpi";
S_0x23e8880 .scope module, "test_adders" "test_adders" 2 14;
 .timescale -9 -12;
L_0x7fdaacadb060 .functor BUFT 1, C4<0>, C4<0>, C4<0>, C4<0>;
v0x241e0d0_0 .net *"_ivl_10", 0 0, L_0x7fdaacadb060;  1 drivers
v0x241e1b0_0 .net *"_ivl_11", 1 0, L_0x2420d10;  1 drivers
v0x241e290_0 .net *"_ivl_13", 1 0, L_0x2420ec0;  1 drivers
L_0x7fdaacadb0a8 .functor BUFT 1, C4<0>, C4<0>, C4<0>, C4<0>;
v0x241e380_0 .net *"_ivl_16", 0 0, L_0x7fdaacadb0a8;  1 drivers
v0x241e460_0 .net *"_ivl_17", 1 0, L_0x2420ff0;  1 drivers
v0x241e590_0 .net *"_ivl_22", 2 0, L_0x2421f80;  1 drivers
L_0x7fdaacadb0f0 .functor BUFT 1, C4<0>, C4<0>, C4<0>, C4<0>;
v0x241e670_0 .net *"_ivl_25", 0 0, L_0x7fdaacadb0f0;  1 drivers
v0x241e750_0 .net *"_ivl_26", 2 0, L_0x2422110;  1 drivers
L_0x7fdaacadb138 .functor BUFT 1, C4<0>, C4<0>, C4<0>, C4<0>;
v0x241e830_0 .net *"_ivl_29", 0 0, L_0x7fdaacadb138;  1 drivers
v0x241e9a0_0 .net *"_ivl_3", 1 0, L_0x2420b00;  1 drivers
v0x241ea80_0 .net *"_ivl_30", 2 0, L_0x2422240;  1 drivers
v0x241eb60_0 .net *"_ivl_32", 2 0, L_0x2422460;  1 drivers
L_0x7fdaacadb180 .functor BUFT 1, C4<00>, C4<0>, C4<0>, C4<0>;
v0x241ec40_0 .net *"_ivl_35", 1 0, L_0x7fdaacadb180;  1 drivers
v0x241ed20_0 .net *"_ivl_36", 2 0, L_0x2422550;  1 drivers
v0x241ee00_0 .net *"_ivl_42", 3 0, L_0x2424ac0;  1 drivers
L_0x7fdaacadb018 .functor BUFT 1, C4<0>, C4<0>, C4<0>, C4<0>;
v0x241eee0_0 .net *"_ivl_6", 0 0, L_0x7fdaacadb018;  1 drivers
v0x241efc0_0 .net *"_ivl_7", 1 0, L_0x2420bf0;  1 drivers
v0x241f0a0_0 .var "a", 0 0;
v0x241f140_0 .var "a2", 1 0;
v0x241f200_0 .var "a4", 3 0;
v0x241f2c0_0 .net "actual_fa2_cout", 0 0, L_0x2421a40;  1 drivers
v0x241f360_0 .net "actual_fa2_sum", 1 0, L_0x2421d50;  1 drivers
v0x241f420_0 .net "actual_fa_cout", 0 0, L_0x2420870;  1 drivers
v0x241f4f0_0 .net "actual_fa_sum", 0 0, L_0x24206a0;  1 drivers
v0x241f5e0_0 .net "actual_ha_cout", 0 0, L_0x24204d0;  1 drivers
v0x241f680_0 .net "actual_ha_sum", 0 0, L_0x2420340;  1 drivers
v0x241f750_0 .net "actual_rca4_sum", 7 0, L_0x2424760;  1 drivers
v0x241f820_0 .var "b", 0 0;
v0x241f8c0_0 .var "b2", 1 0;
v0x241f990_0 .var "b4", 3 0;
v0x241fa30_0 .var "cin", 0 0;
v0x241fad0_0 .var/i "errors", 31 0;
v0x241fb70_0 .net "exp_fa2_cout", 0 0, L_0x2421df0;  1 drivers
v0x241fe40_0 .net "exp_fa2_sum", 1 0, L_0x2421ee0;  1 drivers
v0x241ff20_0 .net "exp_fa_cout", 0 0, L_0x2420970;  1 drivers
v0x241ffe0_0 .net "exp_fa_sum", 0 0, L_0x2420a10;  1 drivers
v0x24200a0_0 .net "exp_rca4_sum", 3 0, L_0x2424990;  1 drivers
v0x2420180_0 .var/i "i", 31 0;
v0x2420260_0 .var/i "tests", 31 0;
L_0x2420970 .part L_0x2420ff0, 1, 1;
L_0x2420a10 .part L_0x2420ff0, 0, 1;
L_0x2420b00 .concat [ 1 1 0 0], v0x241f0a0_0, L_0x7fdaacadb018;
L_0x2420bf0 .concat [ 1 1 0 0], v0x241f820_0, L_0x7fdaacadb060;
L_0x2420d10 .arith/sum 2, L_0x2420b00, L_0x2420bf0;
L_0x2420ec0 .concat [ 1 1 0 0], v0x241fa30_0, L_0x7fdaacadb0a8;
L_0x2420ff0 .arith/sum 2, L_0x2420d10, L_0x2420ec0;
L_0x2421df0 .part L_0x2422550, 2, 1;
L_0x2421ee0 .part L_0x2422550, 0, 2;
L_0x2421f80 .concat [ 2 1 0 0], v0x241f140_0, L_0x7fdaacadb0f0;
L_0x2422110 .concat [ 2 1 0 0], v0x241f8c0_0, L_0x7fdaacadb138;
L_0x2422240 .arith/sum 3, L_0x2421f80, L_0x2422110;
L_0x2422460 .concat [ 1 2 0 0], v0x241fa30_0, L_0x7fdaacadb180;
L_0x2422550 .arith/sum 3, L_0x2422240, L_0x2422460;
L_0x24248f0 .concat [ 4 4 0 0], v0x241f200_0, v0x241f990_0;
L_0x2424990 .part L_0x2424ac0, 0, 4;
L_0x2424ac0 .arith/sum 4, v0x241f200_0, v0x241f990_0;
S_0x23e3630 .scope module, "fa" "fulladder" 2 31, 3 20 0, S_0x23e8880;
 .timescale -9 -12;
    .port_info 0 /INPUT 1 "cin";
    .port_info 1 /INPUT 1 "a";
    .port_info 2 /INPUT 1 "b";
    .port_info 3 /OUTPUT 1 "s";
    .port_info 4 /OUTPUT 1 "cout";
L_0x2420870 .functor OR 1, L_0x2420610, L_0x24207e0, C4<0>, C4<0>;
v0x2413330_0 .net "a", 0 0, v0x241f0a0_0;  1 drivers
v0x24133f0_0 .net "b", 0 0, v0x241f820_0;  1 drivers
v0x24134c0_0 .net "cin", 0 0, v0x241fa30_0;  1 drivers
v0x24135c0_0 .net "cout", 0 0, L_0x2420870;  alias, 1 drivers
v0x2413660_0 .net "cout_tmp1", 0 0, L_0x2420610;  1 drivers
v0x2413750_0 .net "cout_tmp2", 0 0, L_0x24207e0;  1 drivers
v0x2413820_0 .net "s", 0 0, L_0x24206a0;  alias, 1 drivers
v0x24138f0_0 .net "s_tmp", 0 0, L_0x2420560;  1 drivers
S_0x23e9260 .scope module, "h0" "halfadder" 3 27, 3 10 0, S_0x23e3630;
 .timescale -9 -12;
    .port_info 0 /INPUT 1 "a";
    .port_info 1 /INPUT 1 "b";
    .port_info 2 /OUTPUT 1 "s";
    .port_info 3 /OUTPUT 1 "cout";
L_0x2420560 .functor XOR 1, v0x241f0a0_0, v0x241f820_0, C4<0>, C4<0>;
L_0x2420610 .functor AND 1, v0x241f0a0_0, v0x241f820_0, C4<1>, C4<1>;
v0x23e4650_0 .net "a", 0 0, v0x241f0a0_0;  alias, 1 drivers
v0x2412b10_0 .net "b", 0 0, v0x241f820_0;  alias, 1 drivers
v0x2412bd0_0 .net "cout", 0 0, L_0x2420610;  alias, 1 drivers
v0x2412c70_0 .net "s", 0 0, L_0x2420560;  alias, 1 drivers
S_0x2412db0 .scope module, "h1" "halfadder" 3 28, 3 10 0, S_0x23e3630;
 .timescale -9 -12;
    .port_info 0 /INPUT 1 "a";
    .port_info 1 /INPUT 1 "b";
    .port_info 2 /OUTPUT 1 "s";
    .port_info 3 /OUTPUT 1 "cout";
L_0x24206a0 .functor XOR 1, L_0x2420560, v0x241fa30_0, C4<0>, C4<0>;
L_0x24207e0 .functor AND 1, L_0x2420560, v0x241fa30_0, C4<1>, C4<1>;
v0x2412fb0_0 .net "a", 0 0, L_0x2420560;  alias, 1 drivers
v0x2413050_0 .net "b", 0 0, v0x241fa30_0;  alias, 1 drivers
v0x24130f0_0 .net "cout", 0 0, L_0x24207e0;  alias, 1 drivers
v0x24131c0_0 .net "s", 0 0, L_0x24206a0;  alias, 1 drivers
S_0x24139e0 .scope module, "fa2" "fulladder2" 2 39, 3 33 0, S_0x23e8880;
 .timescale -9 -12;
    .port_info 0 /INPUT 1 "cin";
    .port_info 1 /INPUT 2 "a";
    .port_info 2 /INPUT 2 "b";
    .port_info 3 /OUTPUT 2 "s";
    .port_info 4 /OUTPUT 1 "cout";
v0x2416540_0 .net "a", 1 0, v0x241f140_0;  1 drivers
v0x2416640_0 .net "b", 1 0, v0x241f8c0_0;  1 drivers
v0x2416720_0 .net "cin", 0 0, v0x241fa30_0;  alias, 1 drivers
v0x24167c0_0 .net "cout", 0 0, L_0x2421a40;  alias, 1 drivers
v0x2416890_0 .net "cout_tmp", 0 0, L_0x24213c0;  1 drivers
v0x2416930_0 .net "s", 1 0, L_0x2421d50;  alias, 1 drivers
L_0x2421450 .part v0x241f140_0, 0, 1;
L_0x2421510 .part v0x241f8c0_0, 0, 1;
L_0x2421af0 .part v0x241f140_0, 1, 1;
L_0x2421c20 .part v0x241f8c0_0, 1, 1;
L_0x2421d50 .concat8 [ 1 1 0 0], L_0x2421290, L_0x2421820;
S_0x2413bc0 .scope module, "a0" "fulladder" 3 40, 3 20 0, S_0x24139e0;
 .timescale -9 -12;
    .port_info 0 /INPUT 1 "cin";
    .port_info 1 /INPUT 1 "a";
    .port_info 2 /INPUT 1 "b";
    .port_info 3 /OUTPUT 1 "s";
    .port_info 4 /OUTPUT 1 "cout";
L_0x24213c0 .functor OR 1, L_0x24211d0, L_0x2421350, C4<0>, C4<0>;
v0x2414a10_0 .net "a", 0 0, L_0x2421450;  1 drivers
v0x2414ad0_0 .net "b", 0 0, L_0x2421510;  1 drivers
v0x2414ba0_0 .net "cin", 0 0, v0x241fa30_0;  alias, 1 drivers
v0x2414c70_0 .net "cout", 0 0, L_0x24213c0;  alias, 1 drivers
v0x2414d10_0 .net "cout_tmp1", 0 0, L_0x24211d0;  1 drivers
v0x2414e00_0 .net "cout_tmp2", 0 0, L_0x2421350;  1 drivers
v0x2414ed0_0 .net "s", 0 0, L_0x2421290;  1 drivers
v0x2414fa0_0 .net "s_tmp", 0 0, L_0x2420db0;  1 drivers
S_0x2413e50 .scope module, "h0" "halfadder" 3 27, 3 10 0, S_0x2413bc0;
 .timescale -9 -12;
    .port_info 0 /INPUT 1 "a";
    .port_info 1 /INPUT 1 "b";
    .port_info 2 /OUTPUT 1 "s";
    .port_info 3 /OUTPUT 1 "cout";
L_0x2420db0 .functor XOR 1, L_0x2421450, L_0x2421510, C4<0>, C4<0>;
L_0x24211d0 .functor AND 1, L_0x2421450, L_0x2421510, C4<1>, C4<1>;
v0x2414080_0 .net "a", 0 0, L_0x2421450;  alias, 1 drivers
v0x2414160_0 .net "b", 0 0, L_0x2421510;  alias, 1 drivers
v0x2414220_0 .net "cout", 0 0, L_0x24211d0;  alias, 1 drivers
v0x24142f0_0 .net "s", 0 0, L_0x2420db0;  alias, 1 drivers
S_0x2414460 .scope module, "h1" "halfadder" 3 28, 3 10 0, S_0x2413bc0;
 .timescale -9 -12;
    .port_info 0 /INPUT 1 "a";
    .port_info 1 /INPUT 1 "b";
    .port_info 2 /OUTPUT 1 "s";
    .port_info 3 /OUTPUT 1 "cout";
L_0x2421290 .functor XOR 1, L_0x2420db0, v0x241fa30_0, C4<0>, C4<0>;
L_0x2421350 .functor AND 1, L_0x2420db0, v0x241fa30_0, C4<1>, C4<1>;
v0x2414660_0 .net "a", 0 0, L_0x2420db0;  alias, 1 drivers
v0x2414730_0 .net "b", 0 0, v0x241fa30_0;  alias, 1 drivers
v0x2414820_0 .net "cout", 0 0, L_0x2421350;  alias, 1 drivers
v0x24148c0_0 .net "s", 0 0, L_0x2421290;  alias, 1 drivers
S_0x2415090 .scope module, "a1" "fulladder" 3 41, 3 20 0, S_0x24139e0;
 .timescale -9 -12;
    .port_info 0 /INPUT 1 "cin";
    .port_info 1 /INPUT 1 "a";
    .port_info 2 /INPUT 1 "b";
    .port_info 3 /OUTPUT 1 "s";
    .port_info 4 /OUTPUT 1 "cout";
L_0x2421a40 .functor OR 1, L_0x2421740, L_0x24219b0, C4<0>, C4<0>;
v0x2415ea0_0 .net "a", 0 0, L_0x2421af0;  1 drivers
v0x2415f60_0 .net "b", 0 0, L_0x2421c20;  1 drivers
v0x2416030_0 .net "cin", 0 0, L_0x24213c0;  alias, 1 drivers
v0x2416150_0 .net "cout", 0 0, L_0x2421a40;  alias, 1 drivers
v0x24161f0_0 .net "cout_tmp1", 0 0, L_0x2421740;  1 drivers
v0x24162e0_0 .net "cout_tmp2", 0 0, L_0x24219b0;  1 drivers
v0x2416380_0 .net "s", 0 0, L_0x2421820;  1 drivers
v0x2416450_0 .net "s_tmp", 0 0, L_0x2421640;  1 drivers
S_0x2415310 .scope module, "h0" "halfadder" 3 27, 3 10 0, S_0x2415090;
 .timescale -9 -12;
    .port_info 0 /INPUT 1 "a";
    .port_info 1 /INPUT 1 "b";
    .port_info 2 /OUTPUT 1 "s";
    .port_info 3 /OUTPUT 1 "cout";
L_0x2421640 .functor XOR 1, L_0x2421af0, L_0x2421c20, C4<0>, C4<0>;
L_0x2421740 .functor AND 1, L_0x2421af0, L_0x2421c20, C4<1>, C4<1>;
v0x2415520_0 .net "a", 0 0, L_0x2421af0;  alias, 1 drivers
v0x2415600_0 .net "b", 0 0, L_0x2421c20;  alias, 1 drivers
v0x24156c0_0 .net "cout", 0 0, L_0x2421740;  alias, 1 drivers
v0x2415790_0 .net "s", 0 0, L_0x2421640;  alias, 1 drivers
S_0x2415900 .scope module, "h1" "halfadder" 3 28, 3 10 0, S_0x2415090;
 .timescale -9 -12;
    .port_info 0 /INPUT 1 "a";
    .port_info 1 /INPUT 1 "b";
    .port_info 2 /OUTPUT 1 "s";
    .port_info 3 /OUTPUT 1 "cout";
L_0x2421820 .functor XOR 1, L_0x2421640, L_0x24213c0, C4<0>, C4<0>;
L_0x24219b0 .functor AND 1, L_0x2421640, L_0x24213c0, C4<1>, C4<1>;
v0x2415b00_0 .net "a", 0 0, L_0x2421640;  alias, 1 drivers
v0x2415bd0_0 .net "b", 0 0, L_0x24213c0;  alias, 1 drivers
v0x2415ca0_0 .net "cout", 0 0, L_0x24219b0;  alias, 1 drivers
v0x2415d70_0 .net "s", 0 0, L_0x2421820;  alias, 1 drivers
S_0x2416a70 .scope module, "ha" "halfadder" 2 26, 3 10 0, S_0x23e8880;
 .timescale -9 -12;
    .port_info 0 /INPUT 1 "a";
    .port_info 1 /INPUT 1 "b";
    .port_info 2 /OUTPUT 1 "s";
    .port_info 3 /OUTPUT 1 "cout";
L_0x2420340 .functor XOR 1, v0x241f0a0_0, v0x241f820_0, C4<0>, C4<0>;
L_0x24204d0 .functor AND 1, v0x241f0a0_0, v0x241f820_0, C4<1>, C4<1>;
v0x2416c80_0 .net "a", 0 0, v0x241f0a0_0;  alias, 1 drivers
v0x2416d70_0 .net "b", 0 0, v0x241f820_0;  alias, 1 drivers
v0x2416e80_0 .net "cout", 0 0, L_0x24204d0;  alias, 1 drivers
v0x2416f20_0 .net "s", 0 0, L_0x2420340;  alias, 1 drivers
S_0x2417040 .scope task, "printPoints" "printPoints" 4 1, 4 1 0, S_0x23e8880;
 .timescale -9 -12;
v0x2417220_0 .var "actual", 31 0;
v0x2417320_0 .var "possible", 31 0;
TD_test_adders.printPoints ;
    %vpi_call 4 4 "$display", "<scorePossible>%d</scorePossible>", v0x2417320_0 {0 0 0};
    %vpi_call 4 5 "$display", "<scoreActual>%d</scoreActual>", v0x2417220_0 {0 0 0};
    %end;
S_0x2417400 .scope module, "r0" "rca4" 2 45, 3 47 0, S_0x23e8880;
 .timescale -9 -12;
    .port_info 0 /INPUT 8 "SWITCH";
    .port_info 1 /OUTPUT 8 "LED";
v0x241dd30_0 .net "LED", 7 0, L_0x2424760;  alias, 1 drivers
v0x241de30_0 .net "SWITCH", 7 0, L_0x24248f0;  1 drivers
L_0x7fdaacadb210 .functor BUFT 1, C4<0000>, C4<0>, C4<0>, C4<0>;
v0x241df10_0 .net/2u *"_ivl_17", 3 0, L_0x7fdaacadb210;  1 drivers
v0x241dfd0_0 .net "cout0", 0 0, L_0x24230c0;  1 drivers
L_0x2423470 .part L_0x24248f0, 0, 2;
L_0x2423510 .part L_0x24248f0, 4, 2;
L_0x2424590 .part L_0x24248f0, 2, 2;
L_0x2424630 .part L_0x24248f0, 6, 2;
L_0x2424760 .concat8 [ 2 2 4 0], L_0x24233d0, L_0x24244f0, L_0x7fdaacadb210;
S_0x2417650 .scope module, "a0" "fulladder2" 3 50, 3 33 0, S_0x2417400;
 .timescale -9 -12;
    .port_info 0 /INPUT 1 "cin";
    .port_info 1 /INPUT 2 "a";
    .port_info 2 /INPUT 2 "b";
    .port_info 3 /OUTPUT 2 "s";
    .port_info 4 /OUTPUT 1 "cout";
v0x241a410_0 .net "a", 1 0, L_0x2423470;  1 drivers
v0x241a510_0 .net "b", 1 0, L_0x2423510;  1 drivers
L_0x7fdaacadb1c8 .functor BUFT 1, C4<0>, C4<0>, C4<0>, C4<0>;
v0x241a5f0_0 .net "cin", 0 0, L_0x7fdaacadb1c8;  1 drivers
v0x241a6e0_0 .net "cout", 0 0, L_0x24230c0;  alias, 1 drivers
v0x241a780_0 .net "cout_tmp", 0 0, L_0x2422a50;  1 drivers
v0x241a870_0 .net "s", 1 0, L_0x24233d0;  1 drivers
L_0x2422b70 .part L_0x2423470, 0, 1;
L_0x2422ca0 .part L_0x2423510, 0, 1;
L_0x2423170 .part L_0x2423470, 1, 1;
L_0x24232a0 .part L_0x2423510, 1, 1;
L_0x24233d0 .concat8 [ 1 1 0 0], L_0x2422800, L_0x2422ef0;
S_0x24178d0 .scope module, "a0" "fulladder" 3 40, 3 20 0, S_0x2417650;
 .timescale -9 -12;
    .port_info 0 /INPUT 1 "cin";
    .port_info 1 /INPUT 1 "a";
    .port_info 2 /INPUT 1 "b";
    .port_info 3 /OUTPUT 1 "s";
    .port_info 4 /OUTPUT 1 "cout";
L_0x2422a50 .functor OR 1, L_0x24222e0, L_0x2422950, C4<0>, C4<0>;
v0x24187f0_0 .net "a", 0 0, L_0x2422b70;  1 drivers
v0x24188b0_0 .net "b", 0 0, L_0x2422ca0;  1 drivers
v0x2418980_0 .net "cin", 0 0, L_0x7fdaacadb1c8;  alias, 1 drivers
v0x2418a80_0 .net "cout", 0 0, L_0x2422a50;  alias, 1 drivers
v0x2418b20_0 .net "cout_tmp1", 0 0, L_0x24222e0;  1 drivers
v0x2418c10_0 .net "cout_tmp2", 0 0, L_0x2422950;  1 drivers
v0x2418ce0_0 .net "s", 0 0, L_0x2422800;  1 drivers
v0x2418db0_0 .net "s_tmp", 0 0, L_0x24223f0;  1 drivers
S_0x2417b50 .scope module, "h0" "halfadder" 3 27, 3 10 0, S_0x24178d0;
 .timescale -9 -12;
    .port_info 0 /INPUT 1 "a";
    .port_info 1 /INPUT 1 "b";
    .port_info 2 /OUTPUT 1 "s";
    .port_info 3 /OUTPUT 1 "cout";
L_0x24223f0 .functor XOR 1, L_0x2422b70, L_0x2422ca0, C4<0>, C4<0>;
L_0x24222e0 .functor AND 1, L_0x2422b70, L_0x2422ca0, C4<1>, C4<1>;
v0x2417df0_0 .net "a", 0 0, L_0x2422b70;  alias, 1 drivers
v0x2417ed0_0 .net "b", 0 0, L_0x2422ca0;  alias, 1 drivers
v0x2417f90_0 .net "cout", 0 0, L_0x24222e0;  alias, 1 drivers
v0x2418060_0 .net "s", 0 0, L_0x24223f0;  alias, 1 drivers
S_0x24181d0 .scope module, "h1" "halfadder" 3 28, 3 10 0, S_0x24178d0;
 .timescale -9 -12;
    .port_info 0 /INPUT 1 "a";
    .port_info 1 /INPUT 1 "b";
    .port_info 2 /OUTPUT 1 "s";
    .port_info 3 /OUTPUT 1 "cout";
L_0x2422800 .functor XOR 1, L_0x24223f0, L_0x7fdaacadb1c8, C4<0>, C4<0>;
L_0x2422950 .functor AND 1, L_0x24223f0, L_0x7fdaacadb1c8, C4<1>, C4<1>;
v0x2418440_0 .net "a", 0 0, L_0x24223f0;  alias, 1 drivers
v0x2418510_0 .net "b", 0 0, L_0x7fdaacadb1c8;  alias, 1 drivers
v0x24185b0_0 .net "cout", 0 0, L_0x2422950;  alias, 1 drivers
v0x2418680_0 .net "s", 0 0, L_0x2422800;  alias, 1 drivers
S_0x2418ea0 .scope module, "a1" "fulladder" 3 41, 3 20 0, S_0x2417650;
 .timescale -9 -12;
    .port_info 0 /INPUT 1 "cin";
    .port_info 1 /INPUT 1 "a";
    .port_info 2 /INPUT 1 "b";
    .port_info 3 /OUTPUT 1 "s";
    .port_info 4 /OUTPUT 1 "cout";
L_0x24230c0 .functor OR 1, L_0x2422e60, L_0x2423030, C4<0>, C4<0>;
v0x2419d70_0 .net "a", 0 0, L_0x2423170;  1 drivers
v0x2419e30_0 .net "b", 0 0, L_0x24232a0;  1 drivers
v0x2419f00_0 .net "cin", 0 0, L_0x2422a50;  alias, 1 drivers
v0x241a020_0 .net "cout", 0 0, L_0x24230c0;  alias, 1 drivers
v0x241a0c0_0 .net "cout_tmp1", 0 0, L_0x2422e60;  1 drivers
v0x241a1b0_0 .net "cout_tmp2", 0 0, L_0x2423030;  1 drivers
v0x241a250_0 .net "s", 0 0, L_0x2422ef0;  1 drivers
v0x241a320_0 .net "s_tmp", 0 0, L_0x2422dd0;  1 drivers
S_0x2419100 .scope module, "h0" "halfadder" 3 27, 3 10 0, S_0x2418ea0;
 .timescale -9 -12;
    .port_info 0 /INPUT 1 "a";
    .port_info 1 /INPUT 1 "b";
    .port_info 2 /OUTPUT 1 "s";
    .port_info 3 /OUTPUT 1 "cout";
L_0x2422dd0 .functor XOR 1, L_0x2423170, L_0x24232a0, C4<0>, C4<0>;
L_0x2422e60 .functor AND 1, L_0x2423170, L_0x24232a0, C4<1>, C4<1>;
v0x2419380_0 .net "a", 0 0, L_0x2423170;  alias, 1 drivers
v0x2419460_0 .net "b", 0 0, L_0x24232a0;  alias, 1 drivers
v0x2419520_0 .net "cout", 0 0, L_0x2422e60;  alias, 1 drivers
v0x24195f0_0 .net "s", 0 0, L_0x2422dd0;  alias, 1 drivers
S_0x2419760 .scope module, "h1" "halfadder" 3 28, 3 10 0, S_0x2418ea0;
 .timescale -9 -12;
    .port_info 0 /INPUT 1 "a";
    .port_info 1 /INPUT 1 "b";
    .port_info 2 /OUTPUT 1 "s";
    .port_info 3 /OUTPUT 1 "cout";
L_0x2422ef0 .functor XOR 1, L_0x2422dd0, L_0x2422a50, C4<0>, C4<0>;
L_0x2423030 .functor AND 1, L_0x2422dd0, L_0x2422a50, C4<1>, C4<1>;
v0x24199d0_0 .net "a", 0 0, L_0x2422dd0;  alias, 1 drivers
v0x2419aa0_0 .net "b", 0 0, L_0x2422a50;  alias, 1 drivers
v0x2419b70_0 .net "cout", 0 0, L_0x2423030;  alias, 1 drivers
v0x2419c40_0 .net "s", 0 0, L_0x2422ef0;  alias, 1 drivers
S_0x241a9b0 .scope module, "a3" "fulladder2" 3 51, 3 33 0, S_0x2417400;
 .timescale -9 -12;
    .port_info 0 /INPUT 1 "cin";
    .port_info 1 /INPUT 2 "a";
    .port_info 2 /INPUT 2 "b";
    .port_info 3 /OUTPUT 2 "s";
    .port_info 4 /OUTPUT 1 "cout";
v0x241d770_0 .net "a", 1 0, L_0x2424590;  1 drivers
v0x241d870_0 .net "b", 1 0, L_0x2424630;  1 drivers
v0x241d950_0 .net "cin", 0 0, L_0x24230c0;  alias, 1 drivers
v0x241da80_0 .net "cout", 0 0, L_0x2424190;  1 drivers
v0x241db50_0 .net "cout_tmp", 0 0, L_0x2423b40;  1 drivers
v0x241dbf0_0 .net "s", 1 0, L_0x24244f0;  1 drivers
L_0x2423bf0 .part L_0x2424590, 0, 1;
L_0x2423d20 .part L_0x2424630, 0, 1;
L_0x2424290 .part L_0x2424590, 1, 1;
L_0x24243c0 .part L_0x2424630, 1, 1;
L_0x24244f0 .concat8 [ 1 1 0 0], L_0x2423810, L_0x2423f70;
S_0x241ac30 .scope module, "a0" "fulladder" 3 40, 3 20 0, S_0x241a9b0;
 .timescale -9 -12;
    .port_info 0 /INPUT 1 "cin";
    .port_info 1 /INPUT 1 "a";
    .port_info 2 /INPUT 1 "b";
    .port_info 3 /OUTPUT 1 "s";
    .port_info 4 /OUTPUT 1 "cout";
L_0x2423b40 .functor OR 1, L_0x2423730, L_0x24239a0, C4<0>, C4<0>;
v0x241bb60_0 .net "a", 0 0, L_0x2423bf0;  1 drivers
v0x241bc20_0 .net "b", 0 0, L_0x2423d20;  1 drivers
v0x241bcf0_0 .net "cin", 0 0, L_0x24230c0;  alias, 1 drivers
v0x241bdc0_0 .net "cout", 0 0, L_0x2423b40;  alias, 1 drivers
v0x241be60_0 .net "cout_tmp1", 0 0, L_0x2423730;  1 drivers
v0x241bf50_0 .net "cout_tmp2", 0 0, L_0x24239a0;  1 drivers
v0x241c020_0 .net "s", 0 0, L_0x2423810;  1 drivers
v0x241c0f0_0 .net "s_tmp", 0 0, L_0x2423600;  1 drivers
S_0x241aec0 .scope module, "h0" "halfadder" 3 27, 3 10 0, S_0x241ac30;
 .timescale -9 -12;
    .port_info 0 /INPUT 1 "a";
    .port_info 1 /INPUT 1 "b";
    .port_info 2 /OUTPUT 1 "s";
    .port_info 3 /OUTPUT 1 "cout";
L_0x2423600 .functor XOR 1, L_0x2423bf0, L_0x2423d20, C4<0>, C4<0>;
L_0x2423730 .functor AND 1, L_0x2423bf0, L_0x2423d20, C4<1>, C4<1>;
v0x241b160_0 .net "a", 0 0, L_0x2423bf0;  alias, 1 drivers
v0x241b240_0 .net "b", 0 0, L_0x2423d20;  alias, 1 drivers
v0x241b300_0 .net "cout", 0 0, L_0x2423730;  alias, 1 drivers
v0x241b3d0_0 .net "s", 0 0, L_0x2423600;  alias, 1 drivers
S_0x241b540 .scope module, "h1" "halfadder" 3 28, 3 10 0, S_0x241ac30;
 .timescale -9 -12;
    .port_info 0 /INPUT 1 "a";
    .port_info 1 /INPUT 1 "b";
    .port_info 2 /OUTPUT 1 "s";
    .port_info 3 /OUTPUT 1 "cout";
L_0x2423810 .functor XOR 1, L_0x2423600, L_0x24230c0, C4<0>, C4<0>;
L_0x24239a0 .functor AND 1, L_0x2423600, L_0x24230c0, C4<1>, C4<1>;
v0x241b7b0_0 .net "a", 0 0, L_0x2423600;  alias, 1 drivers
v0x241b880_0 .net "b", 0 0, L_0x24230c0;  alias, 1 drivers
v0x241b970_0 .net "cout", 0 0, L_0x24239a0;  alias, 1 drivers
v0x241ba10_0 .net "s", 0 0, L_0x2423810;  alias, 1 drivers
S_0x241c1e0 .scope module, "a1" "fulladder" 3 41, 3 20 0, S_0x241a9b0;
 .timescale -9 -12;
    .port_info 0 /INPUT 1 "cin";
    .port_info 1 /INPUT 1 "a";
    .port_info 2 /INPUT 1 "b";
    .port_info 3 /OUTPUT 1 "s";
    .port_info 4 /OUTPUT 1 "cout";
L_0x2424190 .functor OR 1, L_0x2423ee0, L_0x2424100, C4<0>, C4<0>;
v0x241d0d0_0 .net "a", 0 0, L_0x2424290;  1 drivers
v0x241d190_0 .net "b", 0 0, L_0x24243c0;  1 drivers
v0x241d260_0 .net "cin", 0 0, L_0x2423b40;  alias, 1 drivers
v0x241d380_0 .net "cout", 0 0, L_0x2424190;  alias, 1 drivers
v0x241d420_0 .net "cout_tmp1", 0 0, L_0x2423ee0;  1 drivers
v0x241d510_0 .net "cout_tmp2", 0 0, L_0x2424100;  1 drivers
v0x241d5b0_0 .net "s", 0 0, L_0x2423f70;  1 drivers
v0x241d680_0 .net "s_tmp", 0 0, L_0x2423e50;  1 drivers
S_0x241c460 .scope module, "h0" "halfadder" 3 27, 3 10 0, S_0x241c1e0;
 .timescale -9 -12;
    .port_info 0 /INPUT 1 "a";
    .port_info 1 /INPUT 1 "b";
    .port_info 2 /OUTPUT 1 "s";
    .port_info 3 /OUTPUT 1 "cout";
L_0x2423e50 .functor XOR 1, L_0x2424290, L_0x24243c0, C4<0>, C4<0>;
L_0x2423ee0 .functor AND 1, L_0x2424290, L_0x24243c0, C4<1>, C4<1>;
v0x241c6e0_0 .net "a", 0 0, L_0x2424290;  alias, 1 drivers
v0x241c7c0_0 .net "b", 0 0, L_0x24243c0;  alias, 1 drivers
v0x241c880_0 .net "cout", 0 0, L_0x2423ee0;  alias, 1 drivers
v0x241c950_0 .net "s", 0 0, L_0x2423e50;  alias, 1 drivers
S_0x241cac0 .scope module, "h1" "halfadder" 3 28, 3 10 0, S_0x241c1e0;
 .timescale -9 -12;
    .port_info 0 /INPUT 1 "a";
    .port_info 1 /INPUT 1 "b";
    .port_info 2 /OUTPUT 1 "s";
    .port_info 3 /OUTPUT 1 "cout";
L_0x2423f70 .functor XOR 1, L_0x2423e50, L_0x2423b40, C4<0>, C4<0>;
L_0x2424100 .functor AND 1, L_0x2423e50, L_0x2423b40, C4<1>, C4<1>;
v0x241cd30_0 .net "a", 0 0, L_0x2423e50;  alias, 1 drivers
v0x241ce00_0 .net "b", 0 0, L_0x2423b40;  alias, 1 drivers
v0x241ced0_0 .net "cout", 0 0, L_0x2424100;  alias, 1 drivers
v0x241cfa0_0 .net "s", 0 0, L_0x2423f70;  alias, 1 drivers
    .scope S_0x23e8880;
T_1 ;
    %vpi_call 2 52 "$dumpfile", "rca.vcd" {0 0 0};
    %vpi_call 2 53 "$dumpvars" {0 0 0};
    %pushi/vec4 0, 0, 1;
    %store/vec4 v0x241f0a0_0, 0, 1;
    %pushi/vec4 0, 0, 1;
    %store/vec4 v0x241f820_0, 0, 1;
    %pushi/vec4 0, 0, 32;
    %store/vec4 v0x241fad0_0, 0, 32;
    %pushi/vec4 0, 0, 32;
    %store/vec4 v0x2420260_0, 0, 32;
    %delay 100000, 0;
    %pushi/vec4 0, 0, 32;
    %store/vec4 v0x2420180_0, 0, 32;
T_1.0 ;
    %load/vec4 v0x2420180_0;
    %cmpi/s 3, 0, 32;
    %flag_or 5, 4;
    %jmp/0xz T_1.1, 5;
    %load/vec4 v0x2420180_0;
    %parti/s 1, 0, 2;
    %store/vec4 v0x241f0a0_0, 0, 1;
    %load/vec4 v0x2420180_0;
    %parti/s 1, 1, 2;
    %store/vec4 v0x241f820_0, 0, 1;
    %delay 6000, 0;
    %load/vec4 v0x2420260_0;
    %addi 2, 0, 32;
    %store/vec4 v0x2420260_0, 0, 32;
    %load/vec4 v0x2420180_0;
    %dup/vec4;
    %pushi/vec4 0, 0, 32;
    %cmp/u;
    %jmp/1 T_1.2, 6;
    %dup/vec4;
    %pushi/vec4 3, 0, 32;
    %cmp/u;
    %jmp/1 T_1.3, 6;
    %dup/vec4;
    %pushi/vec4 1, 0, 32;
    %cmp/u;
    %jmp/1 T_1.4, 6;
    %dup/vec4;
    %pushi/vec4 2, 0, 32;
    %cmp/u;
    %jmp/1 T_1.5, 6;
    %jmp T_1.6;
T_1.2 ;
    %load/vec4 v0x241f680_0;
    %pad/u 32;
    %cmpi/ne 0, 0, 32;
    %jmp/0xz  T_1.7, 6;
    %load/vec4 v0x241fad0_0;
    %cmpi/s 100, 0, 32;
    %jmp/0xz  T_1.9, 5;
    %vpi_call 2 78 "$display", "[halfadder] ERROR: %b + %b should produce sum=0 but was %b instead", v0x241f0a0_0, v0x241f820_0, v0x241f680_0 {0 0 0};
T_1.9 ;
    %load/vec4 v0x241fad0_0;
    %addi 1, 0, 32;
    %store/vec4 v0x241fad0_0, 0, 32;
T_1.7 ;
    %jmp T_1.6;
T_1.3 ;
    %load/vec4 v0x241f680_0;
    %pad/u 32;
    %cmpi/ne 0, 0, 32;
    %jmp/0xz  T_1.11, 6;
    %load/vec4 v0x241fad0_0;
    %cmpi/s 100, 0, 32;
    %jmp/0xz  T_1.13, 5;
    %vpi_call 2 78 "$display", "[halfadder] ERROR: %b + %b should produce sum=0 but was %b instead", v0x241f0a0_0, v0x241f820_0, v0x241f680_0 {0 0 0};
T_1.13 ;
    %load/vec4 v0x241fad0_0;
    %addi 1, 0, 32;
    %store/vec4 v0x241fad0_0, 0, 32;
T_1.11 ;
    %jmp T_1.6;
T_1.4 ;
    %load/vec4 v0x241f680_0;
    %pad/u 32;
    %cmpi/ne 1, 0, 32;
    %jmp/0xz  T_1.15, 6;
    %load/vec4 v0x241fad0_0;
    %cmpi/s 100, 0, 32;
    %jmp/0xz  T_1.17, 5;
    %vpi_call 2 85 "$display", "[halfadder] ERROR: %b + %b should produce sum=1 but was %b instead", v0x241f0a0_0, v0x241f820_0, v0x241f680_0 {0 0 0};
T_1.17 ;
    %load/vec4 v0x241fad0_0;
    %addi 1, 0, 32;
    %store/vec4 v0x241fad0_0, 0, 32;
T_1.15 ;
    %jmp T_1.6;
T_1.5 ;
    %load/vec4 v0x241f680_0;
    %pad/u 32;
    %cmpi/ne 1, 0, 32;
    %jmp/0xz  T_1.19, 6;
    %load/vec4 v0x241fad0_0;
    %cmpi/s 100, 0, 32;
    %jmp/0xz  T_1.21, 5;
    %vpi_call 2 85 "$display", "[halfadder] ERROR: %b + %b should produce sum=1 but was %b instead", v0x241f0a0_0, v0x241f820_0, v0x241f680_0 {0 0 0};
T_1.21 ;
    %load/vec4 v0x241fad0_0;
    %addi 1, 0, 32;
    %store/vec4 v0x241fad0_0, 0, 32;
T_1.19 ;
    %jmp T_1.6;
T_1.6 ;
    %pop/vec4 1;
    %load/vec4 v0x2420180_0;
    %cmpi/s 3, 0, 32;
    %flag_get/vec4 5;
    %pushi/vec4 0, 0, 32;
    %load/vec4 v0x241f5e0_0;
    %pad/u 32;
    %cmp/ne;
    %flag_get/vec4 6;
    %and;
    %flag_set/vec4 8;
    %jmp/0xz  T_1.23, 8;
    %load/vec4 v0x241fad0_0;
    %cmpi/s 100, 0, 32;
    %jmp/0xz  T_1.25, 5;
    %vpi_call 2 94 "$display", "[halfadder] ERROR: %b + %b should produce cout=0 but was %b instead", v0x241f0a0_0, v0x241f820_0, v0x241f5e0_0 {0 0 0};
T_1.25 ;
    %load/vec4 v0x241fad0_0;
    %addi 1, 0, 32;
    %store/vec4 v0x241fad0_0, 0, 32;
T_1.23 ;
    %load/vec4 v0x2420180_0;
    %pushi/vec4 3, 0, 32;
    %cmp/e;
    %flag_get/vec4 4;
    %pushi/vec4 1, 0, 32;
    %load/vec4 v0x241f5e0_0;
    %pad/u 32;
    %cmp/ne;
    %flag_get/vec4 6;
    %and;
    %flag_set/vec4 8;
    %jmp/0xz  T_1.27, 8;
    %load/vec4 v0x241fad0_0;
    %cmpi/s 100, 0, 32;
    %jmp/0xz  T_1.29, 5;
    %vpi_call 2 100 "$display", "[halfadder] ERROR: %b + %b should produce cout=1 but was %b instead", v0x241f0a0_0, v0x241f820_0, v0x241f5e0_0 {0 0 0};
T_1.29 ;
    %load/vec4 v0x241fad0_0;
    %addi 1, 0, 32;
    %store/vec4 v0x241fad0_0, 0, 32;
T_1.27 ;
    %load/vec4 v0x2420180_0;
    %addi 1, 0, 32;
    %store/vec4 v0x2420180_0, 0, 32;
    %jmp T_1.0;
T_1.1 ;
    %pushi/vec4 0, 0, 32;
    %store/vec4 v0x2420180_0, 0, 32;
T_1.31 ;
    %load/vec4 v0x2420180_0;
    %cmpi/s 7, 0, 32;
    %flag_or 5, 4;
    %jmp/0xz T_1.32, 5;
    %load/vec4 v0x2420180_0;
    %parti/s 1, 0, 2;
    %store/vec4 v0x241f0a0_0, 0, 1;
    %load/vec4 v0x2420180_0;
    %parti/s 1, 1, 2;
    %store/vec4 v0x241f820_0, 0, 1;
    %load/vec4 v0x2420180_0;
    %parti/s 1, 2, 3;
    %store/vec4 v0x241fa30_0, 0, 1;
    %delay 6000, 0;
    %load/vec4 v0x2420260_0;
    %addi 2, 0, 32;
    %store/vec4 v0x2420260_0, 0, 32;
    %load/vec4 v0x241ff20_0;
    %load/vec4 v0x241f420_0;
    %cmp/ne;
    %jmp/0xz  T_1.33, 6;
    %load/vec4 v0x241fad0_0;
    %cmpi/s 100, 0, 32;
    %jmp/0xz  T_1.35, 5;
    %vpi_call 2 120 "$display", "[fulladder] ERROR: %b + %b should produce cout=%b but was %b instead", v0x241f0a0_0, v0x241f820_0, v0x241ff20_0, v0x241f420_0 {0 0 0};
T_1.35 ;
    %load/vec4 v0x241fad0_0;
    %addi 1, 0, 32;
    %store/vec4 v0x241fad0_0, 0, 32;
T_1.33 ;
    %load/vec4 v0x241ffe0_0;
    %load/vec4 v0x241f4f0_0;
    %cmp/ne;
    %jmp/0xz  T_1.37, 6;
    %load/vec4 v0x241fad0_0;
    %cmpi/s 100, 0, 32;
    %jmp/0xz  T_1.39, 5;
    %vpi_call 2 126 "$display", "[fulladder] ERROR: %b + %b should produce sum=%b but was %b instead", v0x241f0a0_0, v0x241f820_0, v0x241ffe0_0, v0x241f4f0_0 {0 0 0};
T_1.39 ;
    %load/vec4 v0x241fad0_0;
    %addi 1, 0, 32;
    %store/vec4 v0x241fad0_0, 0, 32;
T_1.37 ;
    %load/vec4 v0x2420180_0;
    %addi 1, 0, 32;
    %store/vec4 v0x2420180_0, 0, 32;
    %jmp T_1.31;
T_1.32 ;
    %pushi/vec4 0, 0, 32;
    %store/vec4 v0x2420180_0, 0, 32;
T_1.41 ;
    %load/vec4 v0x2420180_0;
    %cmpi/s 31, 0, 32;
    %flag_or 5, 4;
    %jmp/0xz T_1.42, 5;
    %load/vec4 v0x2420180_0;
    %parti/s 2, 0, 2;
    %store/vec4 v0x241f140_0, 0, 2;
    %load/vec4 v0x2420180_0;
    %parti/s 2, 2, 3;
    %store/vec4 v0x241f8c0_0, 0, 2;
    %load/vec4 v0x2420180_0;
    %parti/s 1, 4, 4;
    %store/vec4 v0x241fa30_0, 0, 1;
    %delay 6000, 0;
    %load/vec4 v0x2420260_0;
    %addi 2, 0, 32;
    %store/vec4 v0x2420260_0, 0, 32;
    %load/vec4 v0x241fb70_0;
    %load/vec4 v0x241f2c0_0;
    %cmp/ne;
    %jmp/0xz  T_1.43, 6;
    %load/vec4 v0x241fad0_0;
    %cmpi/s 100, 0, 32;
    %jmp/0xz  T_1.45, 5;
    %vpi_call 2 145 "$display", "[fulladder2] ERROR: %b + %b should produce cout=%b but was %b instead", v0x241f140_0, v0x241f8c0_0, v0x241fb70_0, v0x241f2c0_0 {0 0 0};
T_1.45 ;
    %load/vec4 v0x241fad0_0;
    %addi 1, 0, 32;
    %store/vec4 v0x241fad0_0, 0, 32;
T_1.43 ;
    %load/vec4 v0x241fe40_0;
    %load/vec4 v0x241f360_0;
    %cmp/ne;
    %jmp/0xz  T_1.47, 6;
    %load/vec4 v0x241fad0_0;
    %cmpi/s 100, 0, 32;
    %jmp/0xz  T_1.49, 5;
    %vpi_call 2 151 "$display", "[fulladder2] ERROR: %b + %b should produce sum=%b but was %b instead", v0x241f140_0, v0x241f8c0_0, v0x241fe40_0, v0x241f360_0 {0 0 0};
T_1.49 ;
    %load/vec4 v0x241fad0_0;
    %addi 1, 0, 32;
    %store/vec4 v0x241fad0_0, 0, 32;
T_1.47 ;
    %load/vec4 v0x2420180_0;
    %addi 1, 0, 32;
    %store/vec4 v0x2420180_0, 0, 32;
    %jmp T_1.41;
T_1.42 ;
    %pushi/vec4 0, 0, 32;
    %store/vec4 v0x2420180_0, 0, 32;
T_1.51 ;
    %load/vec4 v0x2420180_0;
    %cmpi/s 255, 0, 32;
    %flag_or 5, 4;
    %jmp/0xz T_1.52, 5;
    %load/vec4 v0x2420180_0;
    %parti/s 4, 0, 2;
    %store/vec4 v0x241f200_0, 0, 4;
    %load/vec4 v0x2420180_0;
    %parti/s 4, 4, 4;
    %store/vec4 v0x241f990_0, 0, 4;
    %delay 6000, 0;
    %load/vec4 v0x2420260_0;
    %addi 1, 0, 32;
    %store/vec4 v0x2420260_0, 0, 32;
    %load/vec4 v0x24200a0_0;
    %pad/u 8;
    %load/vec4 v0x241f750_0;
    %cmp/ne;
    %jmp/0xz  T_1.53, 6;
    %load/vec4 v0x241fad0_0;
    %cmpi/s 100, 0, 32;
    %jmp/0xz  T_1.55, 5;
    %vpi_call 2 170 "$display", "[rca4] ERROR: %b + %b should produce sum=%b but was %b instead", v0x241f200_0, v0x241f990_0, v0x24200a0_0, v0x241f750_0 {0 0 0};
T_1.55 ;
    %load/vec4 v0x241fad0_0;
    %addi 1, 0, 32;
    %store/vec4 v0x241fad0_0, 0, 32;
T_1.53 ;
    %load/vec4 v0x2420180_0;
    %addi 1, 0, 32;
    %store/vec4 v0x2420180_0, 0, 32;
    %jmp T_1.51;
T_1.52 ;
    %load/vec4 v0x241fad0_0;
    %cmpi/s 100, 0, 32;
    %flag_or 5, 4; GT is !LE
    %flag_inv 5;
    %jmp/0xz  T_1.57, 5;
    %load/vec4 v0x241fad0_0;
    %subi 100, 0, 32;
    %vpi_call 2 177 "$display", "Additional %d errors NOT printed.", S<0,vec4,s32> {1 0 0};
T_1.57 ;
    %vpi_call 2 179 "$display", "Simulation finished: %d test cases %d errors", v0x2420260_0, v0x241fad0_0 {0 0 0};
    %load/vec4 v0x2420260_0;
    %store/vec4 v0x2417320_0, 0, 32;
    %load/vec4 v0x2420260_0;
    %load/vec4 v0x241fad0_0;
    %sub;
    %store/vec4 v0x2417220_0, 0, 32;
    %fork TD_test_adders.printPoints, S_0x2417040;
    %join;
    %vpi_call 2 181 "$finish" {0 0 0};
    %end;
    .thread T_1;
# The file index is used to find the file name in the following table.
:file_names 5;
    "N/A";
    "<interactive>";
    "rca_testbench.v";
    "rca.v";
    "./print_points.v";
